[01;32maddswap[0;39m
[01;32mal2jp[0;39m
[01;32mallcp[0;39m
[01;32mallmv[0;39m
[01;32mallrm[0;39m
[01;32maslr[0;39m
[01;32mbinsed[0;39m
[01;32mbkup[0;39m
[01;32mbuild[0;39m
[01;32mcalc.bak[0;39m
[01;32mcatf[0;39m
[01;32mcecho[0;39m
[01;32mchecksec[0;39m
[01;32mchkbmap[0;39m
[01;32mdef[0;39m
[01;32mdefault.c[0;39m
[01;32mdefault.py[0;39m
[01;32mdefault.sh[0;39m
[01;32mdefault.sh.old[0;39m
[01;32mdefc[0;39m
[01;32mdefp[0;39m
[01;32mdel[0;39m
[01;32mdirmk[0;39m
[01;32mdirrm[0;39m
[01;32mdocker2[0;39m
[01;32mengmemo[0;39m
[01;32mexe[0;39m
[01;32mf[0;39m
[01;32mfl[0;39m
[01;32mg[0;39m
[01;32mgadget_search.py[0;39m
[01;32mgdbrc.def[0;39m
[01;32mgetfile[0;39m
[01;32mgettldata.py[0;39m
[01;32mgettweetdata.py[0;39m
[01;32mgit2[0;39m
[01;32mhashdiff[0;39m
[01;32mindex2ts[0;39m
[01;32mipcalc.py[0;39m
[01;32mkbash[0;39m
[01;32mkillcrlf[0;39m
[01;32mkp[0;39m
[01;32mldpreload[0;39m
[01;32mldpreload.py[0;39m
[01;32mlibcstrings[0;39m
[01;32mLICENSE[0;39m
[01;32mlse[0;39m
[01;32mlsf[0;39m
[01;32mlsf2[0;39m
[01;32mlsr[0;39m
[01;32mm[0;39m
[01;32mmakeLib[0;39m
[01;32mmd[0;39m
[01;32mmd.py[0;39m
[01;32mmgpedaconf[0;39m
[01;32mmiddle[0;39m
[01;32mmiy[0;39m
[01;32mmiy.c[0;39m
[01;32mmksc[0;39m
[01;32mmp4abduction[0;39m
[01;32mmpinstall[0;39m
[01;32mmtupdate[0;39m
[01;32mmvtrash[0;39m
[01;32mmykbd.txt[0;39m
[01;32mmyswap.txt[0;39m
[01;32mnow[0;39m
[01;32mnowloading[0;39m
[01;32mnsed[0;39m
[01;32mnsed.def[0;39m
[01;32mnumcd.alias[0;39m
[01;32mol[0;39m
[01;32mols[0;39m
[01;32mols1.out[0;39m
[01;32mols.first[0;39m
[01;32molsone[0;39m
[01;32molsone.old[0;39m
[01;32mols.py[0;39m
[01;32mown[0;39m
[01;32mpack[0;39m
[01;32mpack.py[0;39m
[01;32mpgdb[0;39m
[01;32mpng[0;39m
[01;32mpwntools_template.py[0;39m
[01;32mpyv[0;39m
[01;32mREADME.md[0;39m
[01;32mrmf[0;39m
[01;32mrmnoline[0;39m
[01;32mrmtmp[0;39m
[01;32mrp2[0;39m
[01;32mrst[0;39m
[01;32msedparag[0;39m
[01;32msharemount[0;39m
[01;32mshoweng[0;39m
[01;32msizecheck[0;39m
[01;32mslk[0;39m
[01;32msnecho[0;39m
[01;32msock[0;39m
[01;32msslcheck[0;39m
[01;32mstyleis[0;39m
